Determining if the pthread_create exist failed with the following output:
Change Dir: /home/robond/Desktop/Robotics Software Engineer Nanodegree/02. Project 1 - Build my World/build/CMakeFiles/CMakeTmp

Run Build Command:"/usr/bin/make" "cmTC_c35b4/fast"
/usr/bin/make -f CMakeFiles/cmTC_c35b4.dir/build.make CMakeFiles/cmTC_c35b4.dir/build
make[1]: Entering directory '/home/robond/Desktop/Robotics Software Engineer Nanodegree/02. Project 1 - Build my World/build/CMakeFiles/CMakeTmp'
Building C object CMakeFiles/cmTC_c35b4.dir/CheckSymbolExists.c.o
/usr/bin/cc     -o CMakeFiles/cmTC_c35b4.dir/CheckSymbolExists.c.o   -c "/home/robond/Desktop/Robotics Software Engineer Nanodegree/02. Project 1 - Build my World/build/CMakeFiles/CMakeTmp/CheckSymbolExists.c"
Linking C executable cmTC_c35b4
/usr/bin/cmake -E cmake_link_script CMakeFiles/cmTC_c35b4.dir/link.txt --verbose=1
/usr/bin/cc       CMakeFiles/cmTC_c35b4.dir/CheckSymbolExists.c.o  -o cmTC_c35b4 -rdynamic 
CMakeFiles/cmTC_c35b4.dir/CheckSymbolExists.c.o: In function `main':
CheckSymbolExists.c:(.text+0x16): undefined reference to `pthread_create'
collect2: error: ld returned 1 exit status
CMakeFiles/cmTC_c35b4.dir/build.make:97: recipe for target 'cmTC_c35b4' failed
make[1]: *** [cmTC_c35b4] Error 1
make[1]: Leaving directory '/home/robond/Desktop/Robotics Software Engineer Nanodegree/02. Project 1 - Build my World/build/CMakeFiles/CMakeTmp'
Makefile:126: recipe for target 'cmTC_c35b4/fast' failed
make: *** [cmTC_c35b4/fast] Error 2

File /home/robond/Desktop/Robotics Software Engineer Nanodegree/02. Project 1 - Build my World/build/CMakeFiles/CMakeTmp/CheckSymbolExists.c:
/* */
#include <pthread.h>

int main(int argc, char** argv)
{
  (void)argv;
#ifndef pthread_create
  return ((int*)(&pthread_create))[argc];
#else
  (void)argc;
  return 0;
#endif
}

Determining if the function pthread_create exists in the pthreads failed with the following output:
Change Dir: /home/robond/Desktop/Robotics Software Engineer Nanodegree/02. Project 1 - Build my World/build/CMakeFiles/CMakeTmp

Run Build Command:"/usr/bin/make" "cmTC_bcfb9/fast"
/usr/bin/make -f CMakeFiles/cmTC_bcfb9.dir/build.make CMakeFiles/cmTC_bcfb9.dir/build
make[1]: Entering directory '/home/robond/Desktop/Robotics Software Engineer Nanodegree/02. Project 1 - Build my World/build/CMakeFiles/CMakeTmp'
Building C object CMakeFiles/cmTC_bcfb9.dir/CheckFunctionExists.c.o
/usr/bin/cc    -DCHECK_FUNCTION_EXISTS=pthread_create   -o CMakeFiles/cmTC_bcfb9.dir/CheckFunctionExists.c.o   -c /usr/share/cmake-3.5/Modules/CheckFunctionExists.c
Linking C executable cmTC_bcfb9
/usr/bin/cmake -E cmake_link_script CMakeFiles/cmTC_bcfb9.dir/link.txt --verbose=1
/usr/bin/cc   -DCHECK_FUNCTION_EXISTS=pthread_create    CMakeFiles/cmTC_bcfb9.dir/CheckFunctionExists.c.o  -o cmTC_bcfb9 -rdynamic -lpthreads 
/usr/bin/ld: cannot find -lpthreads
collect2: error: ld returned 1 exit status
CMakeFiles/cmTC_bcfb9.dir/build.make:97: recipe for target 'cmTC_bcfb9' failed
make[1]: *** [cmTC_bcfb9] Error 1
make[1]: Leaving directory '/home/robond/Desktop/Robotics Software Engineer Nanodegree/02. Project 1 - Build my World/build/CMakeFiles/CMakeTmp'
Makefile:126: recipe for target 'cmTC_bcfb9/fast' failed
make: *** [cmTC_bcfb9/fast] Error 2


